{"level":"info","message":"GET request was receieved with a body"}
{"level":"info","message":"GET request was receieved with a body"}
{"level":"info","message":"GET request was receieved with a body"}
{"level":"info","message":"GET request was receieved with a body"}
{"level":"info","message":"GET request was receieved with a body"}
{"endpoint":"/todo","error_code":400,"ip":"::1","level":"info","method":"GET","query":{},"timestamp":"2024-04-04T18:07:52.898Z"}
{"endpoint":"/","error_code":400,"ip":"::1","level":"info","method":"POST","query":{},"timestamp":"2024-04-04T18:25:16.937Z"}
{"endpoint":"/","error_code":400,"ip":"::1","level":"info","method":"POST","query":{},"timestamp":"2024-04-04T18:25:32.773Z"}
{"endpoint":"/","error_code":400,"ip":"::1","level":"info","method":"GET","query":{},"timestamp":"2024-04-04T18:25:56.450Z"}
{"endpoint":"/","error_code":400,"ip":"::1","level":"info","method":"GET","query":{},"timestamp":"2024-04-04T18:28:25.869Z"}
{"endpoint":"/","error_code":400,"ip":"::1","level":"info","method":"GET","query":{},"timestamp":"2024-04-04T18:28:30.529Z"}
{"endpoint":"/","error_code":400,"ip":"::1","level":"info","method":"POST","query":{},"timestamp":"2024-04-04T18:28:35.211Z"}
{"ip":"::1","level":"info","method":"POST","query":{},"timestamp":"2024-04-04T18:35:10.539Z"}
{"ip":"::1","level":"info","method":"GET","query":{},"timestamp":"2024-04-04T18:35:13.806Z"}
{"ip":"::1","level":"info","method":"DELETE","query":{},"timestamp":"2024-04-04T18:35:23.682Z"}
{"ip":"::1","level":"info","method":"GET","query":{},"timestamp":"2024-04-04T18:35:27.018Z"}
{"endpoint":"/","ip":"::1","level":"info","method":"POST","query":{},"timestamp":"2024-04-04T18:37:48.094Z"}
{"endpoint":"/","ip":"::1","level":"info","method":"GET","query":{},"timestamp":"2024-04-04T18:37:51.680Z"}
{"endpoint":"/","ip":"::1","level":"info","method":"DELETE","query":{},"timestamp":"2024-04-04T18:37:56.405Z"}
{"endpoint":"/","ip":"::1","level":"info","method":"PUT","query":{},"timestamp":"2024-04-04T18:38:01.478Z"}
{"endpoint":"/","ip":"::1","level":"info","method":"GET","query":{},"timestamp":"2024-04-04T18:38:04.143Z"}
{"body":{"list":[{"todo":"Eat fruit"},{"todo":"Drink water"},{"todo":"Cook bacon"},{"todo":"Walk a mile"},{"todo":"Listen to podcast"},{"todo":"Sleep early"},{"todo":"Play the game"}]},"endpoint":"/todo","ip":"::1","level":"info","method":"POST","path_paramters":{"0":"todo"},"query_parameters":{},"timestamp":"2024-04-05T00:13:10.566Z"}
{"body":{},"endpoint":"/todo","ip":"::1","level":"info","method":"GET","path_paramters":{"0":"todo"},"query_parameters":{},"timestamp":"2024-04-05T00:13:14.858Z"}
{"body":{},"endpoint":"/todo/2","ip":"::1","level":"info","method":"DELETE","path_paramters":{"0":"todo/2"},"query_parameters":{},"timestamp":"2024-04-05T00:13:22.954Z"}
{"body":{},"endpoint":"/todo","ip":"::1","level":"info","method":"GET","path_paramters":{"0":"todo"},"query_parameters":{},"timestamp":"2024-04-05T00:13:28.592Z"}
{"body":{"completed":"true"},"endpoint":"/todo/1","ip":"::1","level":"info","method":"PUT","path_paramters":{"0":"todo/1"},"query_parameters":{},"timestamp":"2024-04-05T00:14:18.032Z"}
{"body":{"completed":"true"},"endpoint":"/todo/1","ip":"::1","level":"info","method":"PUT","path_paramters":{"0":"todo/1"},"query_parameters":{},"timestamp":"2024-04-05T00:14:19.706Z"}
{"body":{},"endpoint":"/todo","ip":"::1","level":"info","method":"GET","path_paramters":{"0":"todo"},"query_parameters":{},"timestamp":"2024-04-05T00:14:23.452Z"}
{"body":{"list":[{"todo":"Eat fruit"},{"todo":"Drink water"},{"todo":"Cook bacon"},{"todo":"Walk a mile"},{"todo":"Listen to podcast"},{"todo":"Sleep early"},{"todo":"Play the game"}]},"endpoint":"/todo","ip":"::1","level":"info","method":"POST","path_paramters":{"0":"todo"},"query_parameters":{},"timestamp":"2024-04-05T00:26:26.431Z"}
{"body":{},"endpoint":"/todo","ip":"::1","level":"info","method":"GET","path_paramters":{"0":"todo"},"query_parameters":{},"timestamp":"2024-04-05T00:26:31.093Z"}
{"body":{},"endpoint":"/todo/2","ip":"::1","level":"info","method":"DELETE","path_paramters":{"0":"todo/2"},"query_parameters":{},"timestamp":"2024-04-05T00:26:37.996Z"}
{"body":{},"endpoint":"/todo","ip":"::1","level":"info","method":"GET","path_paramters":{"0":"todo"},"query_parameters":{},"timestamp":"2024-04-05T00:26:42.222Z"}
{"body":{},"endpoint":"/todo/3","ip":"::1","level":"info","method":"DELETE","path_paramters":{"0":"todo/3"},"query_parameters":{},"timestamp":"2024-04-05T00:26:46.787Z"}
{"body":{},"endpoint":"/todo/5","ip":"::1","level":"info","method":"DELETE","path_paramters":{"0":"todo/5"},"query_parameters":{},"timestamp":"2024-04-05T00:26:53.819Z"}
{"body":{"list":[{"todo":"Eat fruit"},{"todo":"Drink water"},{"todo":"Cook bacon"},{"todo":"Walk a mile"},{"todo":"Listen to podcast"},{"todo":"Sleep early"},{"todo":"Play the game"}]},"endpoint":"/todo","ip":"::1","level":"info","method":"POST","path_paramters":{"0":"todo"},"query_parameters":{},"timestamp":"2024-04-05T00:26:56.542Z"}
{"body":{},"endpoint":"/todo","ip":"::1","level":"info","method":"GET","path_paramters":{"0":"todo"},"query_parameters":{},"timestamp":"2024-04-05T00:26:59.854Z"}
{"body":{"list":[{"todo":"Eat fruit"},{"todo":"Drink water"},{"todo":"Cook bacon"},{"todo":"Walk a mile"},{"todo":"Listen to podcast"},{"todo":"Sleep early"},{"todo":"Play the game"}]},"endpoint":"/todo","ip":"::1","level":"info","method":"POST","path_paramters":{"0":"todo"},"query_parameters":{},"timestamp":"2024-04-05T00:27:14.290Z"}
{"body":{},"endpoint":"/todo","ip":"::1","level":"info","method":"GET","path_paramters":{"0":"todo"},"query_parameters":{},"timestamp":"2024-04-05T00:27:17.526Z"}
{"body":{},"endpoint":"/todo/5","ip":"::1","level":"info","method":"DELETE","path_paramters":{"0":"todo/5"},"query_parameters":{},"timestamp":"2024-04-05T00:27:24.379Z"}
{"body":{},"endpoint":"/todo/7","ip":"::1","level":"info","method":"DELETE","path_paramters":{"0":"todo/7"},"query_parameters":{},"timestamp":"2024-04-05T00:27:27.901Z"}
{"body":{},"endpoint":"/todo/2","ip":"::1","level":"info","method":"DELETE","path_paramters":{"0":"todo/2"},"query_parameters":{},"timestamp":"2024-04-05T00:27:31.352Z"}
{"body":{},"endpoint":"/todo","ip":"::1","level":"info","method":"GET","path_paramters":{"0":"todo"},"query_parameters":{},"timestamp":"2024-04-05T00:27:35.024Z"}
{"body":{},"endpoint":"/todo/35","ip":"::1","level":"info","method":"DELETE","path_paramters":{"0":"todo/35"},"query_parameters":{},"timestamp":"2024-04-05T00:27:43.805Z"}
{"body":{},"endpoint":"/todo/%2245%22","ip":"::1","level":"info","method":"DELETE","path_paramters":{"0":"todo/\"45\""},"query_parameters":{},"timestamp":"2024-04-05T00:28:06.858Z"}
{"body":{"list":[{"todo":"Eat fruit"},{"todo":"Drink water"},{"todo":"Cook bacon"},{"todo":"Walk a mile"},{"todo":"Listen to podcast"},{"todo":"Sleep early"},{"todo":"Play the game"}]},"endpoint":"/todo","ip":"::1","level":"info","method":"POST","path_paramters":{"0":"todo"},"query_parameters":{},"timestamp":"2024-04-05T00:28:46.204Z"}
{"body":{},"endpoint":"/todo","ip":"::1","level":"info","method":"GET","path_paramters":{"0":"todo"},"query_parameters":{},"timestamp":"2024-04-05T00:28:49.542Z"}
{"body":{},"endpoint":"/todo/%2245%22","ip":"::1","level":"info","method":"DELETE","path_paramters":{"0":"todo/\"45\""},"query_parameters":{},"timestamp":"2024-04-05T00:28:54.154Z"}
{"body":{},"endpoint":"/todo/8","ip":"::1","level":"info","method":"DELETE","path_paramters":{"0":"todo/8"},"query_parameters":{},"timestamp":"2024-04-05T00:29:00.735Z"}
{"body":{"list":[{"todo":"Eat fruit"},{"todo":"Drink water"},{"todo":"Cook bacon"},{"todo":"Walk a mile"},{"todo":"Listen to podcast"},{"todo":"Sleep early"},{"todo":"Play the game"}]},"endpoint":"/todo","ip":"::1","level":"info","method":"POST","path_paramters":{"0":"todo"},"query_parameters":{},"timestamp":"2024-04-05T01:01:17.032Z"}
{"body":{},"endpoint":"/todo","ip":"::1","level":"info","method":"GET","path_paramters":{"0":"todo"},"query_parameters":{},"timestamp":"2024-04-05T01:01:20.512Z"}
{"body":{"virus":"drop package"},"endpoint":"/todo","ip":"::1","level":"info","method":"GET","path_paramters":{"0":"todo"},"query_parameters":{},"timestamp":"2024-04-05T01:01:58.270Z"}
{"body":{"virus":"drop package"},"endpoint":"/todo","error":400,"ip":"::1","level":"info","message":"Request body is not permitted","method":"GET","path_paramters":{},"query_parameters":{},"timestamp":"2024-04-05T01:01:58.270Z"}
{"body":{"virus":"drop package"},"endpoint":"/todo/1","ip":"::1","level":"info","method":"GET","path_paramters":{"0":"todo/1"},"query_parameters":{},"timestamp":"2024-04-05T01:02:12.824Z"}
{"body":{"virus":"drop package"},"endpoint":"/todo/1","ip":"::1","level":"info","method":"GET","path_paramters":{"0":"todo/1"},"query_parameters":{},"timestamp":"2024-04-05T01:02:14.081Z"}
{"body":{"virus":"drop package"},"endpoint":"/todo/","ip":"::1","level":"info","method":"GET","path_paramters":{"0":"todo/"},"query_parameters":{},"timestamp":"2024-04-05T01:02:19.638Z"}
{"body":{"virus":"drop package"},"endpoint":"/todo/","error":400,"ip":"::1","level":"info","message":"Request body is not permitted","method":"GET","path_paramters":{},"query_parameters":{},"timestamp":"2024-04-05T01:02:19.638Z"}
{"body":{},"endpoint":"/todo/%2233%22","ip":"::1","level":"info","method":"GET","path_paramters":{"0":"todo/\"33\""},"query_parameters":{},"timestamp":"2024-04-05T01:02:31.146Z"}
{"body":{},"endpoint":"/todo/","ip":"::1","level":"info","method":"GET","path_paramters":{"0":"todo/"},"query_parameters":{},"timestamp":"2024-04-05T01:02:39.355Z"}
{"body":{},"endpoint":"/todo/3","ip":"::1","level":"info","method":"GET","path_paramters":{"0":"todo/3"},"query_parameters":{},"timestamp":"2024-04-05T01:02:44.567Z"}
{"body":{},"endpoint":"/todo/66","ip":"::1","level":"info","method":"GET","path_paramters":{"0":"todo/66"},"query_parameters":{},"timestamp":"2024-04-05T01:02:51.978Z"}
{"body":{},"endpoint":"/todo/","ip":"::1","level":"info","method":"GET","path_paramters":{"0":"todo/"},"query_parameters":{},"timestamp":"2024-04-05T01:02:59.954Z"}
{"body":{},"endpoint":"/todo/8","ip":"::1","level":"info","method":"DELETE","path_paramters":{"0":"todo/8"},"query_parameters":{},"timestamp":"2024-04-05T01:03:07.318Z"}
{"body":{},"endpoint":"/todo/8","error":400,"ip":"::1","level":"info","message":"error: invalid Parameters","method":"DELETE","path_paramters":{"id":"8"},"query_parameters":{},"timestamp":"2024-04-05T01:03:07.319Z"}
{"body":{},"endpoint":"/todo/4","ip":"::1","level":"info","method":"DELETE","path_paramters":{"0":"todo/4"},"query_parameters":{},"timestamp":"2024-04-05T01:03:12.718Z"}
{"body":{},"endpoint":"/todo/%2255%22","ip":"::1","level":"info","method":"DELETE","path_paramters":{"0":"todo/\"55\""},"query_parameters":{},"timestamp":"2024-04-05T01:03:22.470Z"}
{"body":{},"endpoint":"/todo/%2255%22","error":400,"ip":"::1","level":"info","message":"error: invalid Parameters","method":"DELETE","path_paramters":{"id":"\"55\""},"query_parameters":{},"timestamp":"2024-04-05T01:03:22.470Z"}
{"body":{"list":[{"todo":"Eat fruit"},{"todo":"Drink water"},{"todo":"Cook bacon"},{"todo":"Walk a mile"},{"todo":"Listen to podcast"},{"todo":"Sleep early"},{"todo":"Play the game"}]},"endpoint":"/todo","ip":"::1","level":"info","method":"POST","path_paramters":{"0":"todo"},"query_parameters":{},"timestamp":"2024-04-05T14:06:43.968Z"}
{"body":{},"endpoint":"/todo/","ip":"::1","level":"info","method":"GET","path_paramters":{"0":"todo/"},"query_parameters":{},"timestamp":"2024-04-05T14:06:51.595Z"}
{"body":{},"endpoint":"/todo/5","ip":"::1","level":"info","method":"DELETE","path_paramters":{"0":"todo/5"},"query_parameters":{},"timestamp":"2024-04-05T14:07:01.874Z"}
{"body":{},"endpoint":"/todo/55","ip":"::1","level":"info","method":"DELETE","path_paramters":{"0":"todo/55"},"query_parameters":{},"timestamp":"2024-04-05T14:07:09.079Z"}
{"body":{},"endpoint":"/todo/55","error":400,"ip":"::1","level":"info","message":"error: invalid Parameters ID","method":"DELETE","path_paramters":{"id":"55"},"query_parameters":{},"timestamp":"2024-04-05T14:07:09.080Z"}
{"body":{},"endpoint":"/todo/%2255%22","ip":"::1","level":"info","method":"DELETE","path_paramters":{"0":"todo/\"55\""},"query_parameters":{},"timestamp":"2024-04-05T14:07:16.468Z"}
{"body":{},"endpoint":"/todo/%2255%22","error":400,"ip":"::1","level":"info","message":"error: invalid Parameters","method":"DELETE","path_paramters":{"id":"\"55\""},"query_parameters":{},"timestamp":"2024-04-05T14:07:16.468Z"}
{"body":{},"endpoint":"/todo/%22rm%22","ip":"::1","level":"info","method":"DELETE","path_paramters":{"0":"todo/\"rm\""},"query_parameters":{},"timestamp":"2024-04-05T14:07:22.941Z"}
{"body":{},"endpoint":"/todo/%22rm%22","error":400,"ip":"::1","level":"info","message":"error: invalid Parameters","method":"DELETE","path_paramters":{"id":"\"rm\""},"query_parameters":{},"timestamp":"2024-04-05T14:07:22.942Z"}
{"body":{},"endpoint":"/todo/%225%22","ip":"::1","level":"info","method":"DELETE","path_paramters":{"0":"todo/\"5\""},"query_parameters":{},"timestamp":"2024-04-05T14:07:37.644Z"}
{"body":{},"endpoint":"/todo/%225%22","error":400,"ip":"::1","level":"info","message":"error: invalid Parameters","method":"DELETE","path_paramters":{"id":"\"5\""},"query_parameters":{},"timestamp":"2024-04-05T14:07:37.644Z"}
{"body":{},"endpoint":"/todo/%22rm%20%22","ip":"::1","level":"info","method":"DELETE","path_paramters":{"0":"todo/\"rm \""},"query_parameters":{},"timestamp":"2024-04-05T14:07:59.926Z"}
{"body":{},"endpoint":"/todo/%22rm%20%22","error":400,"ip":"::1","level":"info","message":"error: invalid Parameters","method":"DELETE","path_paramters":{"id":"\"rm \""},"query_parameters":{},"timestamp":"2024-04-05T14:07:59.926Z"}
{"body":{},"endpoint":"/todo/%22rm%20%22","ip":"::1","level":"info","method":"DELETE","path_paramters":{"0":"todo/\"rm \""},"query_parameters":{},"timestamp":"2024-04-05T14:08:00.595Z"}
{"body":{},"endpoint":"/todo/%22rm%20%22","error":400,"ip":"::1","level":"info","message":"error: invalid Parameters","method":"DELETE","path_paramters":{"id":"\"rm \""},"query_parameters":{},"timestamp":"2024-04-05T14:08:00.595Z"}
{"body":{},"endpoint":"/todo/","ip":"::1","level":"info","method":"GET","path_paramters":{"0":"todo/"},"query_parameters":{},"timestamp":"2024-04-05T14:08:13.238Z"}
{"body":{"list":[{"todo":"Eat fruit"},{"todo":"Drink water"},{"todo":"Cook bacon"},{"todo":"Walk a mile"},{"todo":"Listen to podcast"},{"todo":"Sleep early"},{"todo":"Play the game"}]},"endpoint":"/todo/1","ip":"::1","level":"info","method":"POST","path_paramters":{"0":"todo/1"},"query_parameters":{},"timestamp":"2024-04-05T14:09:22.828Z"}
{"body":{"list":[{"todo":"Eat fruit"},{"todo":"Drink water"},{"todo":"Cook bacon"},{"todo":"Walk a mile"},{"todo":"Listen to podcast"},{"todo":"Sleep early"},{"todo":"Play the game"}]},"endpoint":"/todo","ip":"::1","level":"info","method":"POST","path_paramters":{"0":"todo"},"query_parameters":{},"timestamp":"2024-04-05T14:12:44.542Z"}
{"body":{},"endpoint":"/todo/","ip":"::1","level":"info","method":"GET","path_paramters":{"0":"todo/"},"query_parameters":{},"timestamp":"2024-04-05T14:12:47.692Z"}
{"body":{},"endpoint":"/todo/5","ip":"::1","level":"info","method":"DELETE","path_paramters":{"0":"todo/5"},"query_parameters":{},"timestamp":"2024-04-05T14:12:54.869Z"}
{"body":{},"endpoint":"/todo/3","ip":"::1","level":"info","method":"DELETE","path_paramters":{"0":"todo/3"},"query_parameters":{},"timestamp":"2024-04-05T14:13:02.750Z"}
{"body":{},"endpoint":"/todo/","ip":"::1","level":"info","method":"GET","path_paramters":{"0":"todo/"},"query_parameters":{},"timestamp":"2024-04-05T14:13:06.140Z"}
{"body":{},"endpoint":"/todo/%225%22","ip":"::1","level":"info","method":"DELETE","path_paramters":{"0":"todo/\"5\""},"query_parameters":{},"timestamp":"2024-04-05T14:13:59.975Z"}
{"body":{},"endpoint":"/todo/%225%22","error":400,"ip":"::1","level":"info","message":"error: invalid Parameters","method":"DELETE","path_paramters":{"id":"\"5\""},"query_parameters":{},"timestamp":"2024-04-05T14:13:59.975Z"}
{"body":{},"endpoint":"/todo/10","ip":"::1","level":"info","method":"DELETE","path_paramters":{"0":"todo/10"},"query_parameters":{},"timestamp":"2024-04-05T14:14:41.790Z"}
{"body":{},"endpoint":"/todo/10","error":400,"ip":"::1","level":"info","message":"error: invalid Parameters ID","method":"DELETE","path_paramters":{"id":"10"},"query_parameters":{},"timestamp":"2024-04-05T14:14:41.791Z"}
{"body":{},"endpoint":"/todo/rm%20fr","ip":"::1","level":"info","method":"DELETE","path_paramters":{"0":"todo/rm fr"},"query_parameters":{},"timestamp":"2024-04-05T14:14:57.793Z"}
{"body":{},"endpoint":"/todo/rm%20fr","error":400,"ip":"::1","level":"info","message":"error: invalid Parameters","method":"DELETE","path_paramters":{"id":"rm fr"},"query_parameters":{},"timestamp":"2024-04-05T14:14:57.793Z"}
{"body":{"todo":"Pizza Pizza"},"endpoint":"/todo/","ip":"::1","level":"info","method":"POST","path_paramters":{"0":"todo/"},"query_parameters":{},"timestamp":"2024-04-05T14:24:22.659Z"}
{"body":{},"endpoint":"/todo/","ip":"::1","level":"info","method":"GET","path_paramters":{"0":"todo/"},"query_parameters":{},"timestamp":"2024-04-05T14:24:27.423Z"}
{"body":{"list":[{"todo":"Eat fruit"},{"todo":"Drink water"},{"todo":"Cook bacon"},{"todo":"Walk a mile"},{"todo":"Listen to podcast"},{"todo":"Sleep early"},{"todo":"Play the game"}]},"endpoint":"/todo","ip":"::1","level":"info","method":"POST","path_paramters":{"0":"todo"},"query_parameters":{},"timestamp":"2024-04-05T14:27:31.567Z"}
{"body":{"list":[{"todo":"Eat fruit"},{"todo":"Drink water"},{"todo":"Cook bacon"},{"todo":"Walk a mile"},{"todo":"Listen to podcast"},{"todo":"Sleep early"},{"todo":"Play the game"}]},"endpoint":"/todo","ip":"::1","level":"info","method":"POST","path_paramters":{"0":"todo"},"query_parameters":{},"timestamp":"2024-04-05T14:29:24.443Z"}
{"body":{},"endpoint":"/todo/","ip":"::1","level":"info","method":"GET","path_paramters":{"0":"todo/"},"query_parameters":{},"timestamp":"2024-04-05T14:29:28.247Z"}
{"body":{"completed":"true"},"endpoint":"/todo/1","ip":"::1","level":"info","method":"PUT","path_paramters":{"0":"todo/1"},"query_parameters":{},"timestamp":"2024-04-05T14:29:35.503Z"}
{"body":{"completed":"true"},"endpoint":"/todo/5","ip":"::1","level":"info","method":"PUT","path_paramters":{"0":"todo/5"},"query_parameters":{},"timestamp":"2024-04-05T14:29:40.032Z"}
{"body":{},"endpoint":"/todo/","ip":"::1","level":"info","method":"GET","path_paramters":{"0":"todo/"},"query_parameters":{},"timestamp":"2024-04-05T14:29:43.480Z"}
{"body":{"list":[{"todo":"Eat fruit"},{"todo":"Drink water"},{"todo":"Cook bacon"},{"todo":"Walk a mile"},{"todo":"Listen to podcast"},{"todo":"Sleep early"},{"todo":"Play the game"}]},"endpoint":"/todo","ip":"::1","level":"info","method":"POST","path_paramters":{"0":"todo"},"query_parameters":{},"timestamp":"2024-04-05T14:41:33.019Z"}
{"body":{},"endpoint":"/todo/","ip":"::1","level":"info","method":"GET","path_paramters":{"0":"todo/"},"query_parameters":{},"timestamp":"2024-04-05T14:41:38.146Z"}
{"body":{"completed":"true"},"endpoint":"/todo/%225%22","ip":"::1","level":"info","method":"PUT","path_paramters":{"0":"todo/\"5\""},"query_parameters":{},"timestamp":"2024-04-05T14:41:54.019Z"}
{"body":{"completed":"true"},"endpoint":"/todo/%225%22","error":400,"ip":"::1","level":"info","message":"error: invalid Parameters","method":"PUT","path_paramters":{"id":"\"5\""},"query_parameters":{},"timestamp":"2024-04-05T14:41:54.020Z"}
{"body":{"completed":"true"},"endpoint":"/todo/5","ip":"::1","level":"info","method":"PUT","path_paramters":{"0":"todo/5"},"query_parameters":{},"timestamp":"2024-04-05T14:42:04.245Z"}
{"body":{"completed":"true"},"endpoint":"/todo/55","ip":"::1","level":"info","method":"PUT","path_paramters":{"0":"todo/55"},"query_parameters":{},"timestamp":"2024-04-05T14:42:16.340Z"}
{"body":{"completed":"true"},"endpoint":"/todo/","ip":"::1","level":"info","method":"PUT","path_paramters":{"0":"todo/"},"query_parameters":{},"timestamp":"2024-04-05T14:44:14.531Z"}
{"body":{"completed":"true"},"endpoint":"/todo/","ip":"::1","level":"info","method":"PUT","path_paramters":{"0":"todo/"},"query_parameters":{},"timestamp":"2024-04-05T14:44:18.092Z"}
{"body":{"list":[{"todo":"Eat fruit"},{"todo":"Drink water"},{"todo":"Cook bacon"},{"todo":"Walk a mile"},{"todo":"Listen to podcast"},{"todo":"Sleep early"},{"todo":"Play the game"}]},"endpoint":"/todo","ip":"::1","level":"info","method":"POST","path_paramters":{"0":"todo"},"query_parameters":{},"timestamp":"2024-04-05T14:44:48.454Z"}
{"body":{},"endpoint":"/todo/","ip":"::1","level":"info","method":"GET","path_paramters":{"0":"todo/"},"query_parameters":{},"timestamp":"2024-04-05T14:44:52.776Z"}
{"body":{"completed":"true"},"endpoint":"/todo/2","ip":"::1","level":"info","method":"PUT","path_paramters":{"0":"todo/2"},"query_parameters":{},"timestamp":"2024-04-05T14:45:22.477Z"}
{"body":{},"endpoint":"/todo/","ip":"::1","level":"info","method":"GET","path_paramters":{"0":"todo/"},"query_parameters":{},"timestamp":"2024-04-05T14:45:26.676Z"}
{"body":{"completed":"true"},"endpoint":"/todo/%2255%22","ip":"::1","level":"info","method":"PUT","path_paramters":{"0":"todo/\"55\""},"query_parameters":{},"timestamp":"2024-04-05T14:45:37.714Z"}
{"body":{"completed":"true"},"endpoint":"/todo/%2255%22","error":400,"ip":"::1","level":"info","message":"error: invalid Parameters","method":"PUT","path_paramters":{"id":"\"55\""},"query_parameters":{},"timestamp":"2024-04-05T14:45:37.715Z"}
{"body":{"completed":"true"},"endpoint":"/todo/rm%20fr","ip":"::1","level":"info","method":"PUT","path_paramters":{"0":"todo/rm fr"},"query_parameters":{},"timestamp":"2024-04-05T14:45:53.378Z"}
{"body":{"completed":"true"},"endpoint":"/todo/rm%20fr","error":400,"ip":"::1","level":"info","message":"error: invalid Parameters","method":"PUT","path_paramters":{"id":"rm fr"},"query_parameters":{},"timestamp":"2024-04-05T14:45:53.379Z"}
{"body":{"list":[{"todo":"Eat fruit"},{"todo":"Drink water"},{"todo":"Cook bacon"},{"todo":"Walk a mile"},{"todo":"Listen to podcast"},{"todo":"Sleep early"},{"todo":"Play the game"}]},"endpoint":"/todo","ip":"::1","level":"info","method":"POST","path_paramters":{"0":"todo"},"query_parameters":{},"timestamp":"2024-04-05T14:55:53.808Z"}
{"body":{"todo":"help me"},"endpoint":"/todo","ip":"::1","level":"info","method":"POST","path_paramters":{"0":"todo"},"query_parameters":{},"timestamp":"2024-04-05T14:56:23.847Z"}
{"body":{},"endpoint":"/todo/","ip":"::1","level":"info","method":"GET","path_paramters":{"0":"todo/"},"query_parameters":{},"timestamp":"2024-04-05T14:56:28.462Z"}
{"body":{},"endpoint":"/todo","ip":"::1","level":"info","method":"GET","path_paramters":{"0":"todo"},"query_parameters":{},"timestamp":"2024-04-05T14:57:01.692Z"}
{"body":{"todo":"help me"},"endpoint":"/todo","ip":"::1","level":"info","method":"POST","path_paramters":{"0":"todo"},"query_parameters":{},"timestamp":"2024-04-05T14:57:49.687Z"}
{"body":{},"endpoint":"/todo","ip":"::1","level":"info","method":"GET","path_paramters":{"0":"todo"},"query_parameters":{},"timestamp":"2024-04-05T14:57:52.146Z"}
{"body":{"todo":5},"endpoint":"/todo","ip":"::1","level":"info","method":"POST","path_paramters":{"0":"todo"},"query_parameters":{},"timestamp":"2024-04-05T14:59:34.804Z"}
{"body":{"todo":5},"endpoint":"/todo","error":400,"ip":"::1","level":"info","message":"Todo must be a string","method":"POST","path_paramters":{},"query_parameters":{},"timestamp":"2024-04-05T14:59:34.805Z"}
{"body":{},"endpoint":"/todo","ip":"::1","level":"info","method":"GET","path_paramters":{"0":"todo"},"query_parameters":{},"timestamp":"2024-04-05T14:59:51.899Z"}
{"body":{"todo":5},"endpoint":"/todo","ip":"::1","level":"info","method":"POST","path_paramters":{"0":"todo"},"query_parameters":{},"timestamp":"2024-04-05T15:00:34.559Z"}
{"body":{"todo":5},"endpoint":"/todo","error":400,"ip":"::1","level":"info","message":"Todo must be a string","method":"POST","path_paramters":{},"query_parameters":{},"timestamp":"2024-04-05T15:00:34.559Z"}
{"body":{"todo":"5"},"endpoint":"/todo","ip":"::1","level":"info","method":"POST","path_paramters":{"0":"todo"},"query_parameters":{},"timestamp":"2024-04-05T15:00:45.409Z"}
{"body":{"todo":568},"endpoint":"/todo","ip":"::1","level":"info","method":"POST","path_paramters":{"0":"todo"},"query_parameters":{},"timestamp":"2024-04-05T15:01:06.874Z"}
{"body":{"todo":568},"endpoint":"/todo","error":400,"ip":"::1","level":"info","message":"Todo must be a string","method":"POST","path_paramters":{},"query_parameters":{},"timestamp":"2024-04-05T15:01:06.875Z"}
{"body":{},"endpoint":"/todo","ip":"::1","level":"info","method":"GET","path_paramters":{"0":"todo"},"query_parameters":{},"timestamp":"2024-04-05T15:01:11.584Z"}
{"body":{"todo":"rtrryt"},"endpoint":"/todo","ip":"::1","level":"info","method":"POST","path_paramters":{"0":"todo"},"query_parameters":{},"timestamp":"2024-04-05T15:06:36.066Z"}
{"body":{},"endpoint":"/todo","ip":"::1","level":"info","method":"GET","path_paramters":{"0":"todo"},"query_parameters":{},"timestamp":"2024-04-05T15:06:47.214Z"}
{"body":{"todo":5},"endpoint":"/todo","ip":"::1","level":"info","method":"POST","path_paramters":{"0":"todo"},"query_parameters":{},"timestamp":"2024-04-05T15:07:07.920Z"}
{"body":{"todo":5},"endpoint":"/todo","error":400,"ip":"::1","level":"info","message":"Todo must be a string","method":"POST","path_paramters":{},"query_parameters":{},"timestamp":"2024-04-05T15:07:07.921Z"}
{"body":{},"endpoint":"/todo/","ip":"::1","level":"info","method":"GET","path_paramters":{"0":"todo/"},"query_parameters":{},"timestamp":"2024-04-05T15:09:00.832Z"}
{"body":{"list":[{"todo":"Eat fruit"},{"todo":"Drink water"},{"todo":"Cook bacon"},{"todo":"Walk a mile"},{"todo":"Listen to podcast"},{"todo":"Sleep early"},{"todo":"Play the game"}]},"endpoint":"/todo","ip":"::1","level":"info","method":"POST","path_paramters":{"0":"todo"},"query_parameters":{},"timestamp":"2024-04-05T15:09:04.953Z"}
{"body":{},"endpoint":"/todo/","ip":"::1","level":"info","method":"GET","path_paramters":{"0":"todo/"},"query_parameters":{},"timestamp":"2024-04-05T15:09:07.340Z"}
{"body":{},"endpoint":"/todo/rm%20ff","ip":"::1","level":"info","method":"DELETE","path_paramters":{"0":"todo/rm ff"},"query_parameters":{},"timestamp":"2024-04-05T15:09:15.932Z"}
{"body":{},"endpoint":"/todo/rm%20ff","error":400,"ip":"::1","level":"info","message":"error: invalid Parameters","method":"DELETE","path_paramters":{"id":"rm ff"},"query_parameters":{},"timestamp":"2024-04-05T15:09:15.933Z"}
{"body":{},"endpoint":"/todo/%225%22","ip":"::1","level":"info","method":"DELETE","path_paramters":{"0":"todo/\"5\""},"query_parameters":{},"timestamp":"2024-04-05T15:09:31.609Z"}
{"body":{},"endpoint":"/todo/%225%22","error":400,"ip":"::1","level":"info","message":"error: invalid Parameters","method":"DELETE","path_paramters":{"id":"\"5\""},"query_parameters":{},"timestamp":"2024-04-05T15:09:31.610Z"}
{"body":{},"endpoint":"/todo/55","ip":"::1","level":"info","method":"DELETE","path_paramters":{"0":"todo/55"},"query_parameters":{},"timestamp":"2024-04-05T15:09:39.849Z"}
{"body":{},"endpoint":"/todo/55","error":400,"ip":"::1","level":"info","message":"error: invalid Parameters ID","method":"DELETE","path_paramters":{"id":"55"},"query_parameters":{},"timestamp":"2024-04-05T15:09:39.849Z"}
{"body":{"list":[{"todo":"Eat fruit"},{"todo":"Drink water"},{"todo":"Cook bacon"},{"todo":"Walk a mile"},{"todo":"Listen to podcast"},{"todo":"Sleep early"},{"todo":"Play the game"}]},"endpoint":"/todo","ip":"::1","level":"info","method":"POST","path_paramters":{"0":"todo"},"query_parameters":{},"timestamp":"2024-04-05T15:11:23.348Z"}
{"body":{},"endpoint":"/todo/","ip":"::1","level":"info","method":"GET","path_paramters":{"0":"todo/"},"query_parameters":{},"timestamp":"2024-04-05T15:11:37.515Z"}
{"body":{"todo":5},"endpoint":"/todo","ip":"::1","level":"info","method":"POST","path_paramters":{"0":"todo"},"query_parameters":{},"timestamp":"2024-04-05T15:11:42.991Z"}
{"body":{"todo":5},"endpoint":"/todo","error":400,"ip":"::1","level":"info","message":"Todo must be a string","method":"POST","path_paramters":{},"query_parameters":{},"timestamp":"2024-04-05T15:11:42.992Z"}
{"body":{"todo":"happy meal"},"endpoint":"/todo","ip":"::1","level":"info","method":"POST","path_paramters":{"0":"todo"},"query_parameters":{},"timestamp":"2024-04-05T15:27:02.677Z"}
{"body":{},"endpoint":"/todo","ip":"::1","level":"info","method":"GET","path_paramters":{"0":"todo"},"query_parameters":{},"timestamp":"2024-04-05T15:27:07.216Z"}
{"body":{"todo":5},"endpoint":"/todo","ip":"::1","level":"info","method":"POST","path_paramters":{"0":"todo"},"query_parameters":{},"timestamp":"2024-04-05T15:27:19.018Z"}
{"body":{"todo":5},"endpoint":"/todo","error":400,"ip":"::1","level":"info","message":"Todo must be a string","method":"POST","path_paramters":{},"query_parameters":{},"timestamp":"2024-04-05T15:27:19.019Z"}
{"body":{},"endpoint":"/todo","ip":"::1","level":"info","method":"GET","path_paramters":{"0":"todo"},"query_parameters":{},"timestamp":"2024-04-05T15:30:04.709Z"}
{"body":{"todo":5},"endpoint":"/todo","ip":"::1","level":"info","method":"POST","path_paramters":{"0":"todo"},"query_parameters":{},"timestamp":"2024-04-05T15:34:09.530Z"}
{"body":{"todo":5},"endpoint":"/todo","error":400,"ip":"::1","level":"info","message":"Todo must be a string","method":"POST","path_paramters":{},"query_parameters":{},"timestamp":"2024-04-05T15:34:09.530Z"}
{"body":{},"endpoint":"/todo","ip":"::1","level":"info","method":"GET","path_paramters":{"0":"todo"},"query_parameters":{},"timestamp":"2024-04-05T15:34:13.313Z"}
{"body":{"list":[{"todo":"Eat fruit"},{"todo":"Drink water"},{"todo":"Cook bacon"},{"todo":"Walk a mile"},{"todo":"Listen to podcast"},{"todo":"Sleep early"},{"todo":"Play the game"}]},"endpoint":"/todo","error":400,"ip":"::1","level":"info","message":"incorrect characters","method":"POST","path_paramters":{},"query_parameters":{},"timestamp":"2024-04-07T22:33:35.554Z"}
{"body":{"list":[{"todo":"Eat fruit"},{"todo":"Drink water"},{"todo":"Cook bacon"},{"todo":"Walk a mile"},{"todo":"Listen to podcast"},{"todo":"Sleep early"},{"todo":"Play the game"}]},"endpoint":"/todo","error":400,"ip":"::1","level":"info","message":"incorrect characters","method":"POST","path_paramters":{},"query_parameters":{},"timestamp":"2024-04-07T22:34:04.045Z"}
{"body":{"list":[{"todo":"Eat fruit"},{"todo":"Drink water"},{"todo":"Cook bacon"},{"todo":"Walk a mile"},{"todo":"Listen to podcast"},{"todo":"Sleep early"},{"todo":"Play the game"}]},"endpoint":"/todo","error":400,"ip":"::1","level":"info","message":"incorrect characters","method":"POST","path_paramters":{},"query_parameters":{},"timestamp":"2024-04-07T22:34:46.841Z"}
{"body":{"list":[{"todo":"Eat fruit"},{"todo":"Drink water"},{"todo":"Cook bacon"},{"todo":"Walk a mile"},{"todo":"Listen to podcast"},{"todo":"Sleep early"},{"todo":"Play the game"}]},"endpoint":"/todo","error":400,"ip":"::1","level":"info","message":"incorrect characters","method":"POST","path_paramters":{},"query_parameters":{},"timestamp":"2024-04-07T22:34:48.515Z"}
{"body":{"list":[{"todo":"Eat fruit"},{"todo":"Drink water"},{"todo":"Cook bacon"},{"todo":"Walk a mile"},{"todo":"Listen to podcast"}]},"endpoint":"/todo","error":400,"ip":"::1","level":"info","message":"incorrect characters","method":"POST","path_paramters":{},"query_parameters":{},"timestamp":"2024-04-07T22:36:40.814Z"}
{"body":{"list":[{"todo":"Eat fruit"},{"todo":"Drink water"},{"todo":"Cook bacon"},{"todo":"Walk a mile"},{"todo":"Listen to podcast"}]},"endpoint":"/todo","error":400,"ip":"::1","level":"info","message":"incorrect characters","method":"POST","path_paramters":{},"query_parameters":{},"timestamp":"2024-04-07T22:54:59.670Z"}
{"body":{"list":[{"todo":"Eat fruit"},{"todo":"Drink water"},{"todo":"Cook bacon"},{"todo":"Walk a mile"},{"todo":"Listen to podcast"}]},"endpoint":"/todo","error":400,"ip":"::1","level":"info","message":"incorrect characters","method":"POST","path_paramters":{},"query_parameters":{},"timestamp":"2024-04-07T23:07:54.684Z"}
{"body":{"list":[{"todo":"Eat fruit"},{"todo":"Drink water"},{"todo":"Cook bacon"},{"todo":"Walk a mile"},{"todo":"Listen to podcast"}]},"endpoint":"/todo","error":400,"ip":"::1","level":"info","message":"incorrect characters","method":"POST","path_paramters":{},"query_parameters":{},"timestamp":"2024-04-07T23:08:30.997Z"}
{"body":{"list":[{"todo":"eat fruit"},{"todo":"drink water"},{"todo":"cook bacon"},{"todo":"walk a mile"},{"todo":"listen to podcast"}]},"endpoint":"/todo","error":400,"ip":"::1","level":"info","message":"incorrect characters","method":"POST","path_paramters":{},"query_parameters":{},"timestamp":"2024-04-07T23:10:03.913Z"}
{"body":{"list":[{"todo":"eat fruit"},{"todo":"drink water"},{"todo":"cook bacon"},{"todo":"walk a mile"},{"todo":"listen to podcast"}]},"endpoint":"/todo","ip":"::1","level":"info","method":"POST","path_parameters":{"0":"todo"},"query_parameters":{},"timestamp":"2024-04-08T21:44:49.254Z"}
{"body":{"list":[{"todo":"eat fruit"},{"todo":"drink water"},{"todo":"cook bacon"},{"todo":"walk a mile"},{"todo":"listen to podcast"}]},"endpoint":"/todo","errorCode":400,"ip":"::1","level":"info","message":"Body does not meet requirements","method":"POST","path_parameters":{},"query_parameters":{},"timestamp":"2024-04-08T21:44:49.256Z"}
{"body":{},"endpoint":"/todo/","ip":"::1","level":"info","method":"GET","path_parameters":{"0":"todo/"},"query_parameters":{},"timestamp":"2024-04-08T21:45:04.407Z"}
{"body":{},"endpoint":"/todo/1","ip":"::1","level":"info","method":"DELETE","path_parameters":{"0":"todo/1"},"query_parameters":{},"timestamp":"2024-04-08T21:45:14.757Z"}
{"body":{},"endpoint":"/todo/1","errorCode":400,"ip":"::1","level":"info","message":"Parameters do not meet requirements","method":"DELETE","path_parameters":{"id":"1"},"query_parameters":{},"timestamp":"2024-04-08T21:45:14.757Z"}
{"body":{"list":[{"completed":true,"id":1,"todo":"string"}]},"endpoint":"/todo","ip":"::1","level":"info","method":"POST","path_parameters":{"0":"todo"},"query_parameters":{},"timestamp":"2024-04-08T21:45:37.823Z"}
{"body":{"list":[{"completed":true,"id":0,"todo":"eat"}]},"endpoint":"/todo","ip":"::1","level":"info","method":"POST","path_parameters":{"0":"todo"},"query_parameters":{},"timestamp":"2024-04-08T21:59:52.277Z"}
{"body":{},"endpoint":"/todo","ip":"::1","level":"info","method":"GET","path_parameters":{"0":"todo"},"query_parameters":{},"timestamp":"2024-04-08T22:00:08.205Z"}
{"body":{"list":[{"todo":"eat fruit"},{"todo":"drink water"},{"todo":"cook bacon"},{"todo":"walk a mile"},{"todo":"listen to podcast"}]},"endpoint":"/todo","ip":"::1","level":"info","method":"POST","path_parameters":{"0":"todo"},"query_parameters":{},"timestamp":"2024-04-08T22:00:14.473Z"}
{"body":{"list":[{"todo":"eat fruit"},{"todo":"drink water"},{"todo":"cook bacon"},{"todo":"walk a mile"},{"todo":"listen to podcast"}]},"endpoint":"/todo","errorCode":400,"ip":"::1","level":"info","message":"Body does not meet requirements","method":"POST","path_parameters":{},"query_parameters":{},"timestamp":"2024-04-08T22:00:14.475Z"}
{"body":{"todo":"Walk"},"endpoint":"/todo","ip":"::1","level":"info","method":"POST","path_parameters":{"0":"todo"},"query_parameters":{},"timestamp":"2024-04-08T22:16:44.382Z"}
{"body":{"todo":"Walk"},"endpoint":"/todo","ip":"::1","level":"info","method":"POST","path_parameters":{"0":"todo"},"query_parameters":{},"timestamp":"2024-04-08T22:16:50.956Z"}
{"body":{"list":[{"todo":"eat fruit"},{"todo":"drink water"},{"todo":"cook bacon"},{"todo":"walk a mile"},{"todo":"listen to podcast"}]},"endpoint":"/todo","ip":"::1","level":"info","method":"POST","path_parameters":{"0":"todo"},"query_parameters":{},"timestamp":"2024-04-08T22:16:59.105Z"}
{"body":{"list":[{"todo":"eat fruit"},{"todo":"drink water"},{"todo":"cook bacon"},{"todo":"walk a mile"},{"todo":"listen to podcast"}]},"endpoint":"/todo","errorCode":400,"ip":"::1","level":"info","message":"Body does not meet requirements","method":"POST","path_parameters":{},"query_parameters":{},"timestamp":"2024-04-08T22:16:59.106Z"}
{"body":{"lists":[{"todo":"Eat more chicken"},{"todo":"Hello world"}]},"endpoint":"/todo","ip":"::1","level":"info","method":"POST","path_parameters":{"0":"todo"},"query_parameters":{},"timestamp":"2024-04-08T22:19:48.474Z"}
{"body":{"list":[{"todo":"play"},{"todo":"golf"},{"todo":"today"}]},"endpoint":"/todo","ip":"::1","level":"info","method":"POST","path_parameters":{"0":"todo"},"query_parameters":{},"timestamp":"2024-04-08T22:36:23.970Z"}
{"body":{},"endpoint":"/todo/","ip":"::1","level":"info","method":"GET","path_parameters":{"0":"todo/"},"query_parameters":{},"timestamp":"2024-04-08T22:36:40.404Z"}
{"body":{},"endpoint":"/todo/1","ip":"::1","level":"info","method":"DELETE","path_parameters":{"0":"todo/1"},"query_parameters":{},"timestamp":"2024-04-08T22:36:50.617Z"}
{"body":{},"endpoint":"/todo","ip":"::1","level":"info","method":"GET","path_parameters":{"0":"todo"},"query_parameters":{},"timestamp":"2024-04-08T22:36:55.135Z"}
{"body":{"list":[{"completed":true,"id":0,"todo":"string"}]},"endpoint":"/todo","ip":"::1","level":"info","method":"POST","path_parameters":{"0":"todo"},"query_parameters":{},"timestamp":"2024-04-08T22:37:09.697Z"}
{"body":{},"endpoint":"/todo/2","ip":"::1","level":"info","method":"DELETE","path_parameters":{"0":"todo/2"},"query_parameters":{},"timestamp":"2024-04-08T22:37:32.331Z"}
{"body":{},"endpoint":"/todo","ip":"::1","level":"info","method":"GET","path_parameters":{"0":"todo"},"query_parameters":{},"timestamp":"2024-04-08T22:37:47.645Z"}
